Reading netlist file: "/Users/alisonemilien/FPGA/ShapeAnimation/impl/gwsynthesis/ShapeAnimation.vg"
Parsing netlist file "/Users/alisonemilien/FPGA/ShapeAnimation/impl/gwsynthesis/ShapeAnimation.vg" completed
Processing netlist completed
Reading constraint file: "/Users/alisonemilien/FPGA/ShapeAnimation/src/tang_nano_9k.cst"
Physical Constraint parsed completed
Running placement......
[10%] Placement Phase 0 completed
[20%] Placement Phase 1 completed
[30%] Placement Phase 2 completed
[50%] Placement Phase 3 completed
Running routing......
[60%] Routing Phase 0 completed
[70%] Routing Phase 1 completed
[80%] Routing Phase 2 completed
[90%] Routing Phase 3 completed
Running timing analysis......
[95%] Timing analysis completed
Placement and routing completed
Bitstream generation in progress......
Bitstream generation completed
Running power analysis......
[100%] Power analysis completed
Generate file "/Users/alisonemilien/FPGA/ShapeAnimation/impl/pnr/ShapeAnimation.power.html" completed
Generate file "/Users/alisonemilien/FPGA/ShapeAnimation/impl/pnr/ShapeAnimation.pin.html" completed
Generate file "/Users/alisonemilien/FPGA/ShapeAnimation/impl/pnr/ShapeAnimation.rpt.html" completed
Generate file "/Users/alisonemilien/FPGA/ShapeAnimation/impl/pnr/ShapeAnimation.rpt.txt" completed
Generate file "/Users/alisonemilien/FPGA/ShapeAnimation/impl/pnr/ShapeAnimation.tr.html" completed
Sat Jan 17 09:42:35 2026

